[+] Containers:
 |- [+] Container: /Game/Dynamic/Maps/PuzzleIdea
 |   |- [+] ActorDescs:
 |   |   |- Guid:03FACFD24E35E6EFDD34D0919233739A BaseClass: NativeClass:/Script/Engine.VolumetricCloud Name:VolumetricCloud_1 Label:VolumetricCloud SpatiallyLoaded:0 Bounds:IsValid=true, Min=(X=0.000 Y=0.000 Z=820.000), Max=(X=0.000 Y=0.000 Z=820.000) RuntimeGrid:None EditorOnly:0 RuntimeOnly:0 HLODRelevant:0 ListedInSceneOutliner:1 IsMainWorldOnly:0 FolderPath:Lighting FolderGuid:08A10B054C95868C663DE39EE4343813
 |   |   |- Guid:07191C814E40EB727A03CFA80BBF12C9 BaseClass: NativeClass:/Script/Engine.PostProcessVolume Name:PostProcessVolume_0 Label:PostProcessVolume SpatiallyLoaded:0 Bounds:IsValid=true, Min=(X=0.000 Y=0.000 Z=400.000), Max=(X=200.000 Y=200.000 Z=600.000) RuntimeGrid:None EditorOnly:0 RuntimeOnly:0 HLODRelevant:0 ListedInSceneOutliner:1 IsMainWorldOnly:0 FolderPath:Lighting FolderGuid:08A10B054C95868C663DE39EE4343813
 |   |   |- Guid:08538A8B4F1906216D540B98F4D40C00 BaseClass: NativeClass:/Script/Engine.StaticMeshActor Name:StaticMeshActor_UAID_A4AE111137DC5EFB00_1594956423 Label:SM_SkySphere SpatiallyLoaded:0 Bounds:IsValid=true, Min=(X=-1638400.000 Y=-1638400.000 Z=-1638400.000), Max=(X=1638400.000 Y=1638400.000 Z=1638400.000) RuntimeGrid:None EditorOnly:0 RuntimeOnly:0 HLODRelevant:0 ListedInSceneOutliner:1 IsMainWorldOnly:0 FolderPath:Lighting FolderGuid:08A10B054C95868C663DE39EE4343813
 |   |   |- Guid:1A7C3E57477F99A014F772A7906D89C7 BaseClass: NativeClass:/Script/Engine.ExponentialHeightFog Name:ExponentialHeightFog_1 Label:ExponentialHeightFog SpatiallyLoaded:0 Bounds:IsValid=true, Min=(X=-5600.000 Y=-50.000 Z=-6850.000), Max=(X=-5600.000 Y=-50.000 Z=-6850.000) RuntimeGrid:None EditorOnly:0 RuntimeOnly:0 HLODRelevant:0 ListedInSceneOutliner:1 IsMainWorldOnly:0 FolderPath:Lighting FolderGuid:08A10B054C95868C663DE39EE4343813
 |   |   |- Guid:2265E75B427FD17F0F6159A00FF22121 BaseClass: NativeClass:/Script/Engine.StaticMeshActor Name:StaticMeshActor_34 Label:SM_ChamferCube SpatiallyLoaded:1 Bounds:IsValid=true, Min=(X=1100.000 Y=610.000 Z=0.013), Max=(X=1200.000 Y=710.000 Z=100.013) RuntimeGrid:None EditorOnly:0 RuntimeOnly:0 HLODRelevant:0 ListedInSceneOutliner:1 IsMainWorldOnly:0
 |   |   |- Guid:6EDD72154429F79CF5CCDFBEBEC9BE55 BaseClass: NativeClass:/Script/Engine.StaticMeshActor Name:StaticMeshActor_41 Label:SM_ChamferCube3 SpatiallyLoaded:1 Bounds:IsValid=true, Min=(X=481.699 Y=631.699 Z=0.013), Max=(X=618.301 Y=768.301 Z=100.013) RuntimeGrid:None EditorOnly:0 RuntimeOnly:0 HLODRelevant:0 ListedInSceneOutliner:1 IsMainWorldOnly:0
 |   |   |- Guid:7243C5044A74FCBBC3DECA907EEFEED9 BaseClass: NativeClass:/Script/Engine.DirectionalLight Name:DirectionalLight_1 Label:DirectionalLight SpatiallyLoaded:0 Bounds:Invalid RuntimeGrid:None EditorOnly:0 RuntimeOnly:0 HLODRelevant:0 ListedInSceneOutliner:1 IsMainWorldOnly:0 FolderPath:Lighting FolderGuid:08A10B054C95868C663DE39EE4343813
 |   |   |- Guid:761DFE514580262A35DCEEA4D17A7349 BaseClass: NativeClass:/Script/Engine.WorldDataLayers Name:WorldDataLayers Label:WorldDataLayers-1 SpatiallyLoaded:0 Bounds:Invalid RuntimeGrid:None EditorOnly:0 RuntimeOnly:0 HLODRelevant:0 ListedInSceneOutliner:1 IsMainWorldOnly:1
 |   |   |- Guid:A3CD58E94FBD369CCD1E5597DB107CE1 BaseClass: NativeClass:/Script/Engine.PlayerStart Name:PlayerStart_0 Label:PlayerStart SpatiallyLoaded:0 Bounds:IsValid=true, Min=(X=860.000 Y=1750.000 Z=0.013), Max=(X=940.000 Y=1830.000 Z=184.013) RuntimeGrid:None EditorOnly:0 RuntimeOnly:0 HLODRelevant:0 ListedInSceneOutliner:1 IsMainWorldOnly:0
 |   |   |- Guid:AC26A1A145EC0F1B14B0D8B4CE2216EF BaseClass: NativeClass:/Script/Engine.SkyLight Name:SkyLight_0 Label:SkyLight SpatiallyLoaded:0 Bounds:IsValid=true, Min=(X=0.000 Y=0.000 Z=690.000), Max=(X=0.000 Y=0.000 Z=690.000) RuntimeGrid:None EditorOnly:0 RuntimeOnly:0 HLODRelevant:0 ListedInSceneOutliner:1 IsMainWorldOnly:0 FolderPath:Lighting FolderGuid:08A10B054C95868C663DE39EE4343813
 |   |   |- Guid:D82397C74405B8F428642F83EAB98B18 BaseClass: NativeClass:/Script/Engine.SkyAtmosphere Name:SkyAtmosphere_1 Label:SkyAtmosphere SpatiallyLoaded:0 Bounds:IsValid=true, Min=(X=0.000 Y=0.000 Z=1020.000), Max=(X=0.000 Y=0.000 Z=1020.000) RuntimeGrid:None EditorOnly:0 RuntimeOnly:0 HLODRelevant:0 ListedInSceneOutliner:1 IsMainWorldOnly:0 FolderPath:Lighting FolderGuid:08A10B054C95868C663DE39EE4343813
 |   |   |- Guid:EBB11E5A4233C7132F551CA325406D2C BaseClass: NativeClass:/Script/Engine.StaticMeshActor Name:StaticMeshActor_40 Label:SM_ChamferCube2 SpatiallyLoaded:1 Bounds:IsValid=true, Min=(X=992.077 Y=362.077 Z=0.013), Max=(X=1107.923 Y=477.923 Z=100.013) RuntimeGrid:None EditorOnly:0 RuntimeOnly:0 HLODRelevant:0 ListedInSceneOutliner:1 IsMainWorldOnly:0
 |   |   |- Guid:F2658D6F4AA669AEACC5028FA7FE7F55 BaseClass:/Game/Dynamic/Blueprints/BP_MovingWall.BP_MovingWall_C NativeClass:/Script/Engine.Actor Name:BP_MovingWall_C_UAID_4CD717909BE01D4A02_1212316755 Label:BP_MovingWall SpatiallyLoaded:1 Bounds:IsValid=true, Min=(X=800.000 Y=3220.000 Z=150.000), Max=(X=900.000 Y=3320.000 Z=250.000) RuntimeGrid:None EditorOnly:0 RuntimeOnly:0 HLODRelevant:0 ListedInSceneOutliner:1 IsMainWorldOnly:0
 |   |   |- Guid:F33F3ABD41D6F48DFD84DD9458F05003 BaseClass: NativeClass:/Script/Engine.StaticMeshActor Name:StaticMeshActor_33 Label:SM_Cube SpatiallyLoaded:1 Bounds:IsValid=true, Min=(X=-1930.000 Y=-510.000 Z=-50.000), Max=(X=2995.000 Y=4390.000 Z=0.000) RuntimeGrid:None EditorOnly:0 RuntimeOnly:0 HLODRelevant:1 ListedInSceneOutliner:1 IsMainWorldOnly:0 FolderPath:Playground FolderGuid:8CD33C9A4E75AD59B95486AC740693D6
 |   |- [+] Clusters:
 |   |   |- [+] [  0]
 |   |   |   |- Guid:03FACFD24E35E6EFDD34D0919233739A BaseClass: NativeClass:/Script/Engine.VolumetricCloud Name:VolumetricCloud_1 Label:VolumetricCloud SpatiallyLoaded:0 Bounds:IsValid=true, Min=(X=0.000 Y=0.000 Z=820.000), Max=(X=0.000 Y=0.000 Z=820.000) RuntimeGrid:None EditorOnly:0 RuntimeOnly:0 HLODRelevant:0 ListedInSceneOutliner:1 IsMainWorldOnly:0 FolderPath:Lighting FolderGuid:08A10B054C95868C663DE39EE4343813
 |   |   |- [+] [  1]
 |   |   |   |- Guid:07191C814E40EB727A03CFA80BBF12C9 BaseClass: NativeClass:/Script/Engine.PostProcessVolume Name:PostProcessVolume_0 Label:PostProcessVolume SpatiallyLoaded:0 Bounds:IsValid=true, Min=(X=0.000 Y=0.000 Z=400.000), Max=(X=200.000 Y=200.000 Z=600.000) RuntimeGrid:None EditorOnly:0 RuntimeOnly:0 HLODRelevant:0 ListedInSceneOutliner:1 IsMainWorldOnly:0 FolderPath:Lighting FolderGuid:08A10B054C95868C663DE39EE4343813
 |   |   |- [+] [  2]
 |   |   |   |- Guid:08538A8B4F1906216D540B98F4D40C00 BaseClass: NativeClass:/Script/Engine.StaticMeshActor Name:StaticMeshActor_UAID_A4AE111137DC5EFB00_1594956423 Label:SM_SkySphere SpatiallyLoaded:0 Bounds:IsValid=true, Min=(X=-1638400.000 Y=-1638400.000 Z=-1638400.000), Max=(X=1638400.000 Y=1638400.000 Z=1638400.000) RuntimeGrid:None EditorOnly:0 RuntimeOnly:0 HLODRelevant:0 ListedInSceneOutliner:1 IsMainWorldOnly:0 FolderPath:Lighting FolderGuid:08A10B054C95868C663DE39EE4343813
 |   |   |- [+] [  3]
 |   |   |   |- Guid:1A7C3E57477F99A014F772A7906D89C7 BaseClass: NativeClass:/Script/Engine.ExponentialHeightFog Name:ExponentialHeightFog_1 Label:ExponentialHeightFog SpatiallyLoaded:0 Bounds:IsValid=true, Min=(X=-5600.000 Y=-50.000 Z=-6850.000), Max=(X=-5600.000 Y=-50.000 Z=-6850.000) RuntimeGrid:None EditorOnly:0 RuntimeOnly:0 HLODRelevant:0 ListedInSceneOutliner:1 IsMainWorldOnly:0 FolderPath:Lighting FolderGuid:08A10B054C95868C663DE39EE4343813
 |   |   |- [+] [  4]
 |   |   |   |- Guid:2265E75B427FD17F0F6159A00FF22121 BaseClass: NativeClass:/Script/Engine.StaticMeshActor Name:StaticMeshActor_34 Label:SM_ChamferCube SpatiallyLoaded:1 Bounds:IsValid=true, Min=(X=1100.000 Y=610.000 Z=0.013), Max=(X=1200.000 Y=710.000 Z=100.013) RuntimeGrid:None EditorOnly:0 RuntimeOnly:0 HLODRelevant:0 ListedInSceneOutliner:1 IsMainWorldOnly:0
 |   |   |- [+] [  5]
 |   |   |   |- Guid:6EDD72154429F79CF5CCDFBEBEC9BE55 BaseClass: NativeClass:/Script/Engine.StaticMeshActor Name:StaticMeshActor_41 Label:SM_ChamferCube3 SpatiallyLoaded:1 Bounds:IsValid=true, Min=(X=481.699 Y=631.699 Z=0.013), Max=(X=618.301 Y=768.301 Z=100.013) RuntimeGrid:None EditorOnly:0 RuntimeOnly:0 HLODRelevant:0 ListedInSceneOutliner:1 IsMainWorldOnly:0
 |   |   |- [+] [  6]
 |   |   |   |- Guid:7243C5044A74FCBBC3DECA907EEFEED9 BaseClass: NativeClass:/Script/Engine.DirectionalLight Name:DirectionalLight_1 Label:DirectionalLight SpatiallyLoaded:0 Bounds:Invalid RuntimeGrid:None EditorOnly:0 RuntimeOnly:0 HLODRelevant:0 ListedInSceneOutliner:1 IsMainWorldOnly:0 FolderPath:Lighting FolderGuid:08A10B054C95868C663DE39EE4343813
 |   |   |- [+] [  7]
 |   |   |   |- Guid:761DFE514580262A35DCEEA4D17A7349 BaseClass: NativeClass:/Script/Engine.WorldDataLayers Name:WorldDataLayers Label:WorldDataLayers-1 SpatiallyLoaded:0 Bounds:Invalid RuntimeGrid:None EditorOnly:0 RuntimeOnly:0 HLODRelevant:0 ListedInSceneOutliner:1 IsMainWorldOnly:1
 |   |   |- [+] [  8]
 |   |   |   |- Guid:A3CD58E94FBD369CCD1E5597DB107CE1 BaseClass: NativeClass:/Script/Engine.PlayerStart Name:PlayerStart_0 Label:PlayerStart SpatiallyLoaded:0 Bounds:IsValid=true, Min=(X=860.000 Y=1750.000 Z=0.013), Max=(X=940.000 Y=1830.000 Z=184.013) RuntimeGrid:None EditorOnly:0 RuntimeOnly:0 HLODRelevant:0 ListedInSceneOutliner:1 IsMainWorldOnly:0
 |   |   |- [+] [  9]
 |   |   |   |- Guid:AC26A1A145EC0F1B14B0D8B4CE2216EF BaseClass: NativeClass:/Script/Engine.SkyLight Name:SkyLight_0 Label:SkyLight SpatiallyLoaded:0 Bounds:IsValid=true, Min=(X=0.000 Y=0.000 Z=690.000), Max=(X=0.000 Y=0.000 Z=690.000) RuntimeGrid:None EditorOnly:0 RuntimeOnly:0 HLODRelevant:0 ListedInSceneOutliner:1 IsMainWorldOnly:0 FolderPath:Lighting FolderGuid:08A10B054C95868C663DE39EE4343813
 |   |   |- [+] [ 10]
 |   |   |   |- Guid:D82397C74405B8F428642F83EAB98B18 BaseClass: NativeClass:/Script/Engine.SkyAtmosphere Name:SkyAtmosphere_1 Label:SkyAtmosphere SpatiallyLoaded:0 Bounds:IsValid=true, Min=(X=0.000 Y=0.000 Z=1020.000), Max=(X=0.000 Y=0.000 Z=1020.000) RuntimeGrid:None EditorOnly:0 RuntimeOnly:0 HLODRelevant:0 ListedInSceneOutliner:1 IsMainWorldOnly:0 FolderPath:Lighting FolderGuid:08A10B054C95868C663DE39EE4343813
 |   |   |- [+] [ 11]
 |   |   |   |- Guid:EBB11E5A4233C7132F551CA325406D2C BaseClass: NativeClass:/Script/Engine.StaticMeshActor Name:StaticMeshActor_40 Label:SM_ChamferCube2 SpatiallyLoaded:1 Bounds:IsValid=true, Min=(X=992.077 Y=362.077 Z=0.013), Max=(X=1107.923 Y=477.923 Z=100.013) RuntimeGrid:None EditorOnly:0 RuntimeOnly:0 HLODRelevant:0 ListedInSceneOutliner:1 IsMainWorldOnly:0
 |   |   |- [+] [ 12]
 |   |   |   |- Guid:F2658D6F4AA669AEACC5028FA7FE7F55 BaseClass:/Game/Dynamic/Blueprints/BP_MovingWall.BP_MovingWall_C NativeClass:/Script/Engine.Actor Name:BP_MovingWall_C_UAID_4CD717909BE01D4A02_1212316755 Label:BP_MovingWall SpatiallyLoaded:1 Bounds:IsValid=true, Min=(X=800.000 Y=3220.000 Z=150.000), Max=(X=900.000 Y=3320.000 Z=250.000) RuntimeGrid:None EditorOnly:0 RuntimeOnly:0 HLODRelevant:0 ListedInSceneOutliner:1 IsMainWorldOnly:0
 |   |   |- [+] [ 13]
 |   |   |   |- Guid:F33F3ABD41D6F48DFD84DD9458F05003 BaseClass: NativeClass:/Script/Engine.StaticMeshActor Name:StaticMeshActor_33 Label:SM_Cube SpatiallyLoaded:1 Bounds:IsValid=true, Min=(X=-1930.000 Y=-510.000 Z=-50.000), Max=(X=2995.000 Y=4390.000 Z=0.000) RuntimeGrid:None EditorOnly:0 RuntimeOnly:0 HLODRelevant:1 ListedInSceneOutliner:1 IsMainWorldOnly:0 FolderPath:Playground FolderGuid:8CD33C9A4E75AD59B95486AC740693D6
 |- ContainerInstances:
 |- [+] MainContainer:
 |   |-        ID: 00000000000000000000000000000000
 |   |-  ParentID: 00000000000000000000000000000000
 |   |-    Bounds: IsValid=false, Min=(X=0.000 Y=0.000 Z=0.000), Max=(X=0.000 Y=0.000 Z=0.000)
 |   |- Transform: 0.000000,0.000000,0.000000|0.000000,0.000000,-0.000000|1.000000,1.000000,1.000000
 |   |- Container: /Game/Dynamic/Maps/PuzzleIdea
----------------------------------------------------------------------------------------------------------------
PuzzleIdea - Persistent Level
----------------------------------------------------------------------------------------------------------------
[+] Content of PuzzleIdea Persistent Level
 |- Always loaded Actor Count: 14 
 |- Actor Path: /Game/Dynamic/Maps/PuzzleIdea.PuzzleIdea:PersistentLevel.BP_MovingWall_C_UAID_4CD717909BE01D4A02_1212316755
 |- Actor Package: /Game/__ExternalActors__/Dynamic/Maps/PuzzleIdea/D/Q5/Q2VCS4F504NDRZF63C924C
 |- Actor Path: /Game/Dynamic/Maps/PuzzleIdea.PuzzleIdea:PersistentLevel.DirectionalLight_1
 |- Actor Package: /Game/__ExternalActors__/Dynamic/Maps/PuzzleIdea/9/PX/R997V7841ANFUBNWXK8A4Y
 |- Actor Path: /Game/Dynamic/Maps/PuzzleIdea.PuzzleIdea:PersistentLevel.ExponentialHeightFog_1
 |- Actor Package: /Game/__ExternalActors__/Dynamic/Maps/PuzzleIdea/3/WV/Y6KUTPL2DTPI8DFGU00VXJ
 |- Actor Path: /Game/Dynamic/Maps/PuzzleIdea.PuzzleIdea:PersistentLevel.PlayerStart_0
 |- Actor Package: /Game/__ExternalActors__/Dynamic/Maps/PuzzleIdea/A/2E/MKC86JB4YJ5WG3UAQLIOIF
 |- Actor Path: /Game/Dynamic/Maps/PuzzleIdea.PuzzleIdea:PersistentLevel.PostProcessVolume_0
 |- Actor Package: /Game/__ExternalActors__/Dynamic/Maps/PuzzleIdea/A/GY/PTVUXUOH572LA77QPVX827
 |- Actor Path: /Game/Dynamic/Maps/PuzzleIdea.PuzzleIdea:PersistentLevel.SkyAtmosphere_1
 |- Actor Package: /Game/__ExternalActors__/Dynamic/Maps/PuzzleIdea/3/83/YKGWMZ3J9052VGBUS8MPBP
 |- Actor Path: /Game/Dynamic/Maps/PuzzleIdea.PuzzleIdea:PersistentLevel.SkyLight_0
 |- Actor Package: /Game/__ExternalActors__/Dynamic/Maps/PuzzleIdea/B/IJ/Y84L2KABSJW11C573Z8MNC
 |- Actor Path: /Game/Dynamic/Maps/PuzzleIdea.PuzzleIdea:PersistentLevel.StaticMeshActor_33
 |- Actor Package: /Game/__ExternalActors__/Dynamic/Maps/PuzzleIdea/4/ZB/IXFVVH2MR4FTCO6UJVB3PX
 |- Actor Path: /Game/Dynamic/Maps/PuzzleIdea.PuzzleIdea:PersistentLevel.StaticMeshActor_34
 |- Actor Package: /Game/__ExternalActors__/Dynamic/Maps/PuzzleIdea/7/PK/UO5LVSM4UA74E9YUINE4G6
 |- Actor Path: /Game/Dynamic/Maps/PuzzleIdea.PuzzleIdea:PersistentLevel.StaticMeshActor_40
 |- Actor Package: /Game/__ExternalActors__/Dynamic/Maps/PuzzleIdea/4/34/LPLO0CS2THF681AAN04CTD
 |- Actor Path: /Game/Dynamic/Maps/PuzzleIdea.PuzzleIdea:PersistentLevel.StaticMeshActor_41
 |- Actor Package: /Game/__ExternalActors__/Dynamic/Maps/PuzzleIdea/E/I0/UT5BA2R5THIW8AR9DKC7H2
 |- Actor Path: /Game/Dynamic/Maps/PuzzleIdea.PuzzleIdea:PersistentLevel.StaticMeshActor_UAID_A4AE111137DC5EFB00_1594956423
 |- Actor Package: /Game/__ExternalActors__/Dynamic/Maps/PuzzleIdea/7/9I/FH3YMXHQEK8W9W4HWD3RIV
 |- Actor Path: /Game/Dynamic/Maps/PuzzleIdea.PuzzleIdea:PersistentLevel.VolumetricCloud_1
 |- Actor Package: /Game/__ExternalActors__/Dynamic/Maps/PuzzleIdea/C/ZY/AJ66XQE17RYMO2HRLPFB1J
 |- Actor Path: /Game/Dynamic/Maps/PuzzleIdea.PuzzleIdea:PersistentLevel.WorldDataLayers
 |- Actor Package: /Game/__ExternalActors__/Dynamic/Maps/PuzzleIdea/3/FG/K46A9OMLWL1AAHXMUMR9PC

----------------------------------------------------------------------------------------------------------------
PuzzleIdea - Runtime Hash Set
----------------------------------------------------------------------------------------------------------------

